2020-04-12 21:06:43.372 DEBUG 2968 --- [http-nio-8887-exec-5] l.m.c.c.m.UserMapper.selectByPrimaryKey  : ==> Parameters: 1(Long)
2020-04-12 21:06:43.377 DEBUG 2968 --- [http-nio-8887-exec-5] l.m.c.c.m.UserMapper.selectByPrimaryKey  : <==      Total: 1
2020-04-12 21:08:24.262  INFO 7944 --- [restartedMain] l.m.c.community.CommunityApplication     : Starting CommunityApplication on DESKTOP-VBEC26N with PID 7944 (started by Administrator in H:\git project\myConmmunity)
2020-04-12 21:08:24.271  INFO 7944 --- [restartedMain] l.m.c.community.CommunityApplication     : No active profile set, falling back to default profiles: default
2020-04-12 21:08:24.334  INFO 7944 --- [restartedMain] .e.DevToolsPropertyDefaultsPostProcessor : Devtools property defaults active! Set 'spring.devtools.add-properties' to 'false' to disable
2020-04-12 21:08:24.335  INFO 7944 --- [restartedMain] .e.DevToolsPropertyDefaultsPostProcessor : For additional web related logging consider setting the 'logging.level.web' property to 'DEBUG'
2020-04-12 21:08:25.267  INFO 7944 --- [restartedMain] o.s.b.w.embedded.tomcat.TomcatWebServer  : Tomcat initialized with port(s): 8887 (http)
2020-04-12 21:08:25.275  INFO 7944 --- [restartedMain] o.apache.catalina.core.StandardService   : Starting service [Tomcat]
2020-04-12 21:08:25.275  INFO 7944 --- [restartedMain] org.apache.catalina.core.StandardEngine  : Starting Servlet engine: [Apache Tomcat/9.0.31]
2020-04-12 21:08:25.342  INFO 7944 --- [restartedMain] o.a.c.c.C.[Tomcat].[localhost].[/]       : Initializing Spring embedded WebApplicationContext
2020-04-12 21:08:25.342  INFO 7944 --- [restartedMain] o.s.web.context.ContextLoader            : Root WebApplicationContext: initialization completed in 1007 ms
2020-04-12 21:08:25.373  INFO 7944 --- [restartedMain] com.zaxxer.hikari.HikariDataSource       : HikariPool-1 - Starting...
2020-04-12 21:08:25.512  INFO 7944 --- [restartedMain] com.zaxxer.hikari.HikariDataSource       : HikariPool-1 - Start completed.
2020-04-12 21:08:25.516  INFO 7944 --- [restartedMain] o.s.b.a.h2.H2ConsoleAutoConfiguration    : H2 console available at '/h2-console'. Database available at 'jdbc:mysql://localhost:3306/community?serverTimezone=GMT%2b8&useUnicode=yes&characterEncoding=utf8'
2020-04-12 21:08:26.149  INFO 7944 --- [restartedMain] o.s.b.d.a.OptionalLiveReloadServer       : LiveReload server is running on port 35729
2020-04-12 21:08:26.189  INFO 7944 --- [restartedMain] o.s.b.w.embedded.tomcat.TomcatWebServer  : Tomcat started on port(s): 8887 (http) with context path ''
2020-04-12 21:08:26.192  INFO 7944 --- [restartedMain] l.m.c.community.CommunityApplication     : Started CommunityApplication in 2.314 seconds (JVM running for 3.308)
2020-04-12 21:08:35.688  INFO 7944 --- [http-nio-8887-exec-1] o.a.c.c.C.[Tomcat].[localhost].[/]       : Initializing Spring DispatcherServlet 'dispatcherServlet'
2020-04-12 21:08:35.689  INFO 7944 --- [http-nio-8887-exec-1] o.s.web.servlet.DispatcherServlet        : Initializing Servlet 'dispatcherServlet'
2020-04-12 21:08:35.695  INFO 7944 --- [http-nio-8887-exec-1] o.s.web.servlet.DispatcherServlet        : Completed initialization in 6 ms
2020-04-12 21:08:35.747 DEBUG 7944 --- [http-nio-8887-exec-1] l.m.c.c.m.Q.countBySearch                : ==>  Preparing: select count(*) from QUESTION 
2020-04-12 21:08:35.760 DEBUG 7944 --- [http-nio-8887-exec-1] l.m.c.c.m.Q.countBySearch                : ==> Parameters: 
2020-04-12 21:08:35.776 DEBUG 7944 --- [http-nio-8887-exec-1] l.m.c.c.m.Q.countBySearch                : <==      Total: 1
2020-04-12 21:08:35.779 DEBUG 7944 --- [http-nio-8887-exec-1] l.m.c.c.m.Q.selectBySearch               : ==>  Preparing: select * from QUESTION order by gmt_create desc limit ?,? 
2020-04-12 21:08:35.779 DEBUG 7944 --- [http-nio-8887-exec-1] l.m.c.c.m.Q.selectBySearch               : ==> Parameters: 0(Integer), 5(Integer)
2020-04-12 21:08:35.786 DEBUG 7944 --- [http-nio-8887-exec-1] l.m.c.c.m.Q.selectBySearch               : <==      Total: 5
2020-04-12 21:08:35.786 DEBUG 7944 --- [http-nio-8887-exec-1] l.m.c.c.m.UserMapper.selectByPrimaryKey  : ==>  Preparing: select id, name, account_id, token, gmt_create, gmt_modified, bio, avatar_url from user where id = ? 
2020-04-12 21:08:35.787 DEBUG 7944 --- [http-nio-8887-exec-1] l.m.c.c.m.UserMapper.selectByPrimaryKey  : ==> Parameters: 1(Long)
2020-04-12 21:08:35.789 DEBUG 7944 --- [http-nio-8887-exec-1] l.m.c.c.m.UserMapper.selectByPrimaryKey  : <==      Total: 1
2020-04-12 21:08:35.794 DEBUG 7944 --- [http-nio-8887-exec-1] l.m.c.c.m.UserMapper.selectByPrimaryKey  : ==>  Preparing: select id, name, account_id, token, gmt_create, gmt_modified, bio, avatar_url from user where id = ? 
2020-04-12 21:08:35.795 DEBUG 7944 --- [http-nio-8887-exec-1] l.m.c.c.m.UserMapper.selectByPrimaryKey  : ==> Parameters: 1(Long)
2020-04-12 21:08:35.796 DEBUG 7944 --- [http-nio-8887-exec-1] l.m.c.c.m.UserMapper.selectByPrimaryKey  : <==      Total: 1
2020-04-12 21:08:35.797 DEBUG 7944 --- [http-nio-8887-exec-1] l.m.c.c.m.UserMapper.selectByPrimaryKey  : ==>  Preparing: select id, name, account_id, token, gmt_create, gmt_modified, bio, avatar_url from user where id = ? 
2020-04-12 21:08:35.797 DEBUG 7944 --- [http-nio-8887-exec-1] l.m.c.c.m.UserMapper.selectByPrimaryKey  : ==> Parameters: 1(Long)
2020-04-12 21:08:35.799 DEBUG 7944 --- [http-nio-8887-exec-1] l.m.c.c.m.UserMapper.selectByPrimaryKey  : <==      Total: 1
2020-04-12 21:08:35.799 DEBUG 7944 --- [http-nio-8887-exec-1] l.m.c.c.m.UserMapper.selectByPrimaryKey  : ==>  Preparing: select id, name, account_id, token, gmt_create, gmt_modified, bio, avatar_url from user where id = ? 
2020-04-12 21:08:35.799 DEBUG 7944 --- [http-nio-8887-exec-1] l.m.c.c.m.UserMapper.selectByPrimaryKey  : ==> Parameters: 1(Long)
2020-04-12 21:08:35.801 DEBUG 7944 --- [http-nio-8887-exec-1] l.m.c.c.m.UserMapper.selectByPrimaryKey  : <==      Total: 1
2020-04-12 21:08:35.802 DEBUG 7944 --- [http-nio-8887-exec-1] l.m.c.c.m.UserMapper.selectByPrimaryKey  : ==>  Preparing: select id, name, account_id, token, gmt_create, gmt_modified, bio, avatar_url from user where id = ? 
2020-04-12 21:08:35.802 DEBUG 7944 --- [http-nio-8887-exec-1] l.m.c.c.m.UserMapper.selectByPrimaryKey  : ==> Parameters: 1(Long)
2020-04-12 21:08:35.804 DEBUG 7944 --- [http-nio-8887-exec-1] l.m.c.c.m.UserMapper.selectByPrimaryKey  : <==      Total: 1
2020-04-12 21:08:37.391 DEBUG 7944 --- [http-nio-8887-exec-2] l.m.c.c.m.Q.selectByPrimaryKey           : ==>  Preparing: select id, title, gmt_create, gmt_modified, creator, comment_count, view_count, like_count, tag , description from question where id = ? 
2020-04-12 21:08:37.391 DEBUG 7944 --- [http-nio-8887-exec-2] l.m.c.c.m.Q.selectByPrimaryKey           : ==> Parameters: 20(Long)
2020-04-12 21:08:37.393 DEBUG 7944 --- [http-nio-8887-exec-2] l.m.c.c.m.Q.selectByPrimaryKey           : <==      Total: 1
2020-04-12 21:08:37.394 DEBUG 7944 --- [http-nio-8887-exec-2] l.m.c.c.m.UserMapper.selectByPrimaryKey  : ==>  Preparing: select id, name, account_id, token, gmt_create, gmt_modified, bio, avatar_url from user where id = ? 
2020-04-12 21:08:37.394 DEBUG 7944 --- [http-nio-8887-exec-2] l.m.c.c.m.UserMapper.selectByPrimaryKey  : ==> Parameters: 1(Long)
2020-04-12 21:08:37.395 DEBUG 7944 --- [http-nio-8887-exec-2] l.m.c.c.m.UserMapper.selectByPrimaryKey  : <==      Total: 1
2020-04-12 21:08:37.396 DEBUG 7944 --- [http-nio-8887-exec-2] l.m.c.c.m.Q.selectRelated                : ==>  Preparing: select * from QUESTION where id !=? and tag regexp ? 
2020-04-12 21:08:37.397 DEBUG 7944 --- [http-nio-8887-exec-2] l.m.c.c.m.Q.selectRelated                : ==> Parameters: 20(Long), java(String)
2020-04-12 21:08:37.402 DEBUG 7944 --- [http-nio-8887-exec-2] l.m.c.c.m.Q.selectRelated                : <==      Total: 10
2020-04-12 21:08:37.436 DEBUG 7944 --- [http-nio-8887-exec-2] l.m.c.c.m.CommentMapper.selectByExample  : ==>  Preparing: select id, parent_id, type, commentator, gmt_create, gmt_modified, like_count, content, comment_count from comment WHERE ( parent_id = ? and type = ? ) order by gmt_create desc 
2020-04-12 21:08:37.437 DEBUG 7944 --- [http-nio-8887-exec-2] l.m.c.c.m.CommentMapper.selectByExample  : ==> Parameters: 20(Long), 1(Integer)
2020-04-12 21:08:37.440 DEBUG 7944 --- [http-nio-8887-exec-2] l.m.c.c.m.CommentMapper.selectByExample  : <==      Total: 4
2020-04-12 21:08:37.444 DEBUG 7944 --- [http-nio-8887-exec-2] l.m.c.c.m.UserMapper.selectByExample     : ==>  Preparing: select id, name, account_id, token, gmt_create, gmt_modified, bio, avatar_url from user WHERE ( id in ( ? , ? ) ) 
2020-04-12 21:08:37.444 DEBUG 7944 --- [http-nio-8887-exec-2] l.m.c.c.m.UserMapper.selectByExample     : ==> Parameters: 1(Long), 2(Long)
2020-04-12 21:08:37.445 DEBUG 7944 --- [http-nio-8887-exec-2] l.m.c.c.m.UserMapper.selectByExample     : <==      Total: 2
2020-04-12 21:08:37.451 DEBUG 7944 --- [http-nio-8887-exec-2] l.m.c.c.m.QuestionExtMapper.incView      : ==>  Preparing: update question set view_count =view_count + ? where id =? 
2020-04-12 21:08:37.452 DEBUG 7944 --- [http-nio-8887-exec-2] l.m.c.c.m.QuestionExtMapper.incView      : ==> Parameters: 1(Integer), 20(Long)
2020-04-12 21:08:37.454 DEBUG 7944 --- [http-nio-8887-exec-2] l.m.c.c.m.QuestionExtMapper.incView      : <==    Updates: 1
2020-04-12 21:08:39.299 DEBUG 7944 --- [http-nio-8887-exec-10] l.m.c.c.m.Q.selectByPrimaryKey           : ==>  Preparing: select id, title, gmt_create, gmt_modified, creator, comment_count, view_count, like_count, tag , description from question where id = ? 
2020-04-12 21:08:39.300 DEBUG 7944 --- [http-nio-8887-exec-10] l.m.c.c.m.Q.selectByPrimaryKey           : ==> Parameters: 20(Long)
2020-04-12 21:08:39.301 DEBUG 7944 --- [http-nio-8887-exec-10] l.m.c.c.m.Q.selectByPrimaryKey           : <==      Total: 1
2020-04-12 21:08:39.302 DEBUG 7944 --- [http-nio-8887-exec-10] l.m.c.c.m.UserMapper.selectByPrimaryKey  : ==>  Preparing: select id, name, account_id, token, gmt_create, gmt_modified, bio, avatar_url from user where id = ? 
2020-04-12 21:08:39.303 DEBUG 7944 --- [http-nio-8887-exec-10] l.m.c.c.m.UserMapper.selectByPrimaryKey  : ==> Parameters: 1(Long)
2020-04-12 21:08:39.304 DEBUG 7944 --- [http-nio-8887-exec-10] l.m.c.c.m.UserMapper.selectByPrimaryKey  : <==      Total: 1
2020-04-12 21:08:39.305 DEBUG 7944 --- [http-nio-8887-exec-10] l.m.c.c.m.Q.selectRelated                : ==>  Preparing: select * from QUESTION where id !=? and tag regexp ? 
2020-04-12 21:08:39.306 DEBUG 7944 --- [http-nio-8887-exec-10] l.m.c.c.m.Q.selectRelated                : ==> Parameters: 20(Long), java(String)
2020-04-12 21:08:39.308 DEBUG 7944 --- [http-nio-8887-exec-10] l.m.c.c.m.Q.selectRelated                : <==      Total: 10
2020-04-12 21:08:39.312 DEBUG 7944 --- [http-nio-8887-exec-10] l.m.c.c.m.CommentMapper.selectByExample  : ==>  Preparing: select id, parent_id, type, commentator, gmt_create, gmt_modified, like_count, content, comment_count from comment WHERE ( parent_id = ? and type = ? ) order by gmt_create desc 
2020-04-12 21:08:39.312 DEBUG 7944 --- [http-nio-8887-exec-10] l.m.c.c.m.CommentMapper.selectByExample  : ==> Parameters: 20(Long), 1(Integer)
2020-04-12 21:08:39.315 DEBUG 7944 --- [http-nio-8887-exec-10] l.m.c.c.m.CommentMapper.selectByExample  : <==      Total: 4
2020-04-12 21:08:39.317 DEBUG 7944 --- [http-nio-8887-exec-10] l.m.c.c.m.UserMapper.selectByExample     : ==>  Preparing: select id, name, account_id, token, gmt_create, gmt_modified, bio, avatar_url from user WHERE ( id in ( ? , ? ) ) 
2020-04-12 21:08:39.317 DEBUG 7944 --- [http-nio-8887-exec-10] l.m.c.c.m.UserMapper.selectByExample     : ==> Parameters: 1(Long), 2(Long)
2020-04-12 21:08:39.318 DEBUG 7944 --- [http-nio-8887-exec-10] l.m.c.c.m.UserMapper.selectByExample     : <==      Total: 2
2020-04-12 21:08:39.318 DEBUG 7944 --- [http-nio-8887-exec-10] l.m.c.c.m.QuestionExtMapper.incView      : ==>  Preparing: update question set view_count =view_count + ? where id =? 
2020-04-12 21:08:39.318 DEBUG 7944 --- [http-nio-8887-exec-10] l.m.c.c.m.QuestionExtMapper.incView      : ==> Parameters: 1(Integer), 20(Long)
2020-04-12 21:08:39.322 DEBUG 7944 --- [http-nio-8887-exec-10] l.m.c.c.m.QuestionExtMapper.incView      : <==    Updates: 1
2020-04-12 21:08:40.479 DEBUG 7944 --- [http-nio-8887-exec-1] l.m.c.c.m.Q.selectByPrimaryKey           : ==>  Preparing: select id, title, gmt_create, gmt_modified, creator, comment_count, view_count, like_count, tag , description from question where id = ? 
2020-04-12 21:08:40.480 DEBUG 7944 --- [http-nio-8887-exec-1] l.m.c.c.m.Q.selectByPrimaryKey           : ==> Parameters: 20(Long)
2020-04-12 21:08:40.481 DEBUG 7944 --- [http-nio-8887-exec-1] l.m.c.c.m.Q.selectByPrimaryKey           : <==      Total: 1
2020-04-12 21:08:40.482 DEBUG 7944 --- [http-nio-8887-exec-1] l.m.c.c.m.UserMapper.selectByPrimaryKey  : ==>  Preparing: select id, name, account_id, token, gmt_create, gmt_modified, bio, avatar_url from user where id = ? 
2020-04-12 21:08:40.482 DEBUG 7944 --- [http-nio-8887-exec-1] l.m.c.c.m.UserMapper.selectByPrimaryKey  : ==> Parameters: 1(Long)
2020-04-12 21:08:40.483 DEBUG 7944 --- [http-nio-8887-exec-1] l.m.c.c.m.UserMapper.selectByPrimaryKey  : <==      Total: 1
2020-04-12 21:08:40.484 DEBUG 7944 --- [http-nio-8887-exec-1] l.m.c.c.m.Q.selectRelated                : ==>  Preparing: select * from QUESTION where id !=? and tag regexp ? 
2020-04-12 21:08:40.484 DEBUG 7944 --- [http-nio-8887-exec-1] l.m.c.c.m.Q.selectRelated                : ==> Parameters: 20(Long), java(String)
2020-04-12 21:08:40.487 DEBUG 7944 --- [http-nio-8887-exec-1] l.m.c.c.m.Q.selectRelated                : <==      Total: 10
2020-04-12 21:08:40.489 DEBUG 7944 --- [http-nio-8887-exec-1] l.m.c.c.m.CommentMapper.selectByExample  : ==>  Preparing: select id, parent_id, type, commentator, gmt_create, gmt_modified, like_count, content, comment_count from comment WHERE ( parent_id = ? and type = ? ) order by gmt_create desc 
2020-04-12 21:08:40.489 DEBUG 7944 --- [http-nio-8887-exec-1] l.m.c.c.m.CommentMapper.selectByExample  : ==> Parameters: 20(Long), 1(Integer)
2020-04-12 21:08:40.490 DEBUG 7944 --- [http-nio-8887-exec-1] l.m.c.c.m.CommentMapper.selectByExample  : <==      Total: 4
2020-04-12 21:08:40.492 DEBUG 7944 --- [http-nio-8887-exec-1] l.m.c.c.m.UserMapper.selectByExample     : ==>  Preparing: select id, name, account_id, token, gmt_create, gmt_modified, bio, avatar_url from user WHERE ( id in ( ? , ? ) ) 
2020-04-12 21:08:40.493 DEBUG 7944 --- [http-nio-8887-exec-1] l.m.c.c.m.UserMapper.selectByExample     : ==> Parameters: 1(Long), 2(Long)
2020-04-12 21:08:40.494 DEBUG 7944 --- [http-nio-8887-exec-1] l.m.c.c.m.UserMapper.selectByExample     : <==      Total: 2
2020-04-12 21:08:40.495 DEBUG 7944 --- [http-nio-8887-exec-1] l.m.c.c.m.QuestionExtMapper.incView      : ==>  Preparing: update question set view_count =view_count + ? where id =? 
2020-04-12 21:08:40.495 DEBUG 7944 --- [http-nio-8887-exec-1] l.m.c.c.m.QuestionExtMapper.incView      : ==> Parameters: 1(Integer), 20(Long)
2020-04-12 21:08:40.499 DEBUG 7944 --- [http-nio-8887-exec-1] l.m.c.c.m.QuestionExtMapper.incView      : <==    Updates: 1
2020-04-12 21:08:41.755 DEBUG 7944 --- [http-nio-8887-exec-2] l.m.c.c.m.CommentMapper.selectByExample  : ==>  Preparing: select id, parent_id, type, commentator, gmt_create, gmt_modified, like_count, content, comment_count from comment WHERE ( parent_id = ? and type = ? ) order by gmt_create desc 
2020-04-12 21:08:41.755 DEBUG 7944 --- [http-nio-8887-exec-2] l.m.c.c.m.CommentMapper.selectByExample  : ==> Parameters: 15(Long), 2(Integer)
2020-04-12 21:08:41.757 DEBUG 7944 --- [http-nio-8887-exec-2] l.m.c.c.m.CommentMapper.selectByExample  : <==      Total: 1
2020-04-12 21:08:41.758 DEBUG 7944 --- [http-nio-8887-exec-2] l.m.c.c.m.UserMapper.selectByExample     : ==>  Preparing: select id, name, account_id, token, gmt_create, gmt_modified, bio, avatar_url from user WHERE ( id in ( ? ) ) 
2020-04-12 21:08:41.758 DEBUG 7944 --- [http-nio-8887-exec-2] l.m.c.c.m.UserMapper.selectByExample     : ==> Parameters: 2(Long)
2020-04-12 21:08:41.759 DEBUG 7944 --- [http-nio-8887-exec-2] l.m.c.c.m.UserMapper.selectByExample     : <==      Total: 1
2020-04-12 21:08:45.794 DEBUG 7944 --- [http-nio-8887-exec-4] l.m.c.c.m.Q.countBySearch                : ==>  Preparing: select count(*) from QUESTION 
2020-04-12 21:08:45.795 DEBUG 7944 --- [http-nio-8887-exec-4] l.m.c.c.m.Q.countBySearch                : ==> Parameters: 
2020-04-12 21:08:45.796 DEBUG 7944 --- [http-nio-8887-exec-4] l.m.c.c.m.Q.countBySearch                : <==      Total: 1
2020-04-12 21:08:45.797 DEBUG 7944 --- [http-nio-8887-exec-4] l.m.c.c.m.Q.selectBySearch               : ==>  Preparing: select * from QUESTION order by gmt_create desc limit ?,? 
2020-04-12 21:08:45.797 DEBUG 7944 --- [http-nio-8887-exec-4] l.m.c.c.m.Q.selectBySearch               : ==> Parameters: 0(Integer), 5(Integer)
2020-04-12 21:08:45.799 DEBUG 7944 --- [http-nio-8887-exec-4] l.m.c.c.m.Q.selectBySearch               : <==      Total: 5
2020-04-12 21:08:45.799 DEBUG 7944 --- [http-nio-8887-exec-4] l.m.c.c.m.UserMapper.selectByPrimaryKey  : ==>  Preparing: select id, name, account_id, token, gmt_create, gmt_modified, bio, avatar_url from user where id = ? 
2020-04-12 21:08:45.799 DEBUG 7944 --- [http-nio-8887-exec-4] l.m.c.c.m.UserMapper.selectByPrimaryKey  : ==> Parameters: 1(Long)
2020-04-12 21:08:45.802 DEBUG 7944 --- [http-nio-8887-exec-4] l.m.c.c.m.UserMapper.selectByPrimaryKey  : <==      Total: 1
2020-04-12 21:08:45.802 DEBUG 7944 --- [http-nio-8887-exec-4] l.m.c.c.m.UserMapper.selectByPrimaryKey  : ==>  Preparing: select id, name, account_id, token, gmt_create, gmt_modified, bio, avatar_url from user where id = ? 
2020-04-12 21:08:45.802 DEBUG 7944 --- [http-nio-8887-exec-4] l.m.c.c.m.UserMapper.selectByPrimaryKey  : ==> Parameters: 1(Long)
2020-04-12 21:08:45.804 DEBUG 7944 --- [http-nio-8887-exec-4] l.m.c.c.m.UserMapper.selectByPrimaryKey  : <==      Total: 1
2020-04-12 21:08:45.804 DEBUG 7944 --- [http-nio-8887-exec-4] l.m.c.c.m.UserMapper.selectByPrimaryKey  : ==>  Preparing: select id, name, account_id, token, gmt_create, gmt_modified, bio, avatar_url from user where id = ? 
2020-04-12 21:08:45.804 DEBUG 7944 --- [http-nio-8887-exec-4] l.m.c.c.m.UserMapper.selectByPrimaryKey  : ==> Parameters: 1(Long)
2020-04-12 21:08:45.806 DEBUG 7944 --- [http-nio-8887-exec-4] l.m.c.c.m.UserMapper.selectByPrimaryKey  : <==      Total: 1
2020-04-12 21:08:45.806 DEBUG 7944 --- [http-nio-8887-exec-4] l.m.c.c.m.UserMapper.selectByPrimaryKey  : ==>  Preparing: select id, name, account_id, token, gmt_create, gmt_modified, bio, avatar_url from user where id = ? 
2020-04-12 21:08:45.806 DEBUG 7944 --- [http-nio-8887-exec-4] l.m.c.c.m.UserMapper.selectByPrimaryKey  : ==> Parameters: 1(Long)
2020-04-12 21:08:45.808 DEBUG 7944 --- [http-nio-8887-exec-4] l.m.c.c.m.UserMapper.selectByPrimaryKey  : <==      Total: 1
2020-04-12 21:08:45.808 DEBUG 7944 --- [http-nio-8887-exec-4] l.m.c.c.m.UserMapper.selectByPrimaryKey  : ==>  Preparing: select id, name, account_id, token, gmt_create, gmt_modified, bio, avatar_url from user where id = ? 
2020-04-12 21:08:45.808 DEBUG 7944 --- [http-nio-8887-exec-4] l.m.c.c.m.UserMapper.selectByPrimaryKey  : ==> Parameters: 1(Long)
2020-04-12 21:08:45.810 DEBUG 7944 --- [http-nio-8887-exec-4] l.m.c.c.m.UserMapper.selectByPrimaryKey  : <==      Total: 1
2020-04-12 21:08:55.800 DEBUG 7944 --- [http-nio-8887-exec-8] l.m.c.c.m.Q.countBySearch                : ==>  Preparing: select count(*) from QUESTION 
2020-04-12 21:08:55.800 DEBUG 7944 --- [http-nio-8887-exec-8] l.m.c.c.m.Q.countBySearch                : ==> Parameters: 
2020-04-12 21:08:55.807 DEBUG 7944 --- [http-nio-8887-exec-8] l.m.c.c.m.Q.countBySearch                : <==      Total: 1
2020-04-12 21:08:55.807 DEBUG 7944 --- [http-nio-8887-exec-8] l.m.c.c.m.Q.selectBySearch               : ==>  Preparing: select * from QUESTION order by gmt_create desc limit ?,? 
2020-04-12 21:08:55.808 DEBUG 7944 --- [http-nio-8887-exec-8] l.m.c.c.m.Q.selectBySearch               : ==> Parameters: 0(Integer), 5(Integer)
2020-04-12 21:08:55.809 DEBUG 7944 --- [http-nio-8887-exec-8] l.m.c.c.m.Q.selectBySearch               : <==      Total: 5
2020-04-12 21:08:55.810 DEBUG 7944 --- [http-nio-8887-exec-8] l.m.c.c.m.UserMapper.selectByPrimaryKey  : ==>  Preparing: select id, name, account_id, token, gmt_create, gmt_modified, bio, avatar_url from user where id = ? 
2020-04-12 21:08:55.810 DEBUG 7944 --- [http-nio-8887-exec-8] l.m.c.c.m.UserMapper.selectByPrimaryKey  : ==> Parameters: 1(Long)
2020-04-12 21:08:55.811 DEBUG 7944 --- [http-nio-8887-exec-8] l.m.c.c.m.UserMapper.selectByPrimaryKey  : <==      Total: 1
2020-04-12 21:08:55.812 DEBUG 7944 --- [http-nio-8887-exec-8] l.m.c.c.m.UserMapper.selectByPrimaryKey  : ==>  Preparing: select id, name, account_id, token, gmt_create, gmt_modified, bio, avatar_url from user where id = ? 
2020-04-12 21:08:55.812 DEBUG 7944 --- [http-nio-8887-exec-8] l.m.c.c.m.UserMapper.selectByPrimaryKey  : ==> Parameters: 1(Long)
2020-04-12 21:08:55.813 DEBUG 7944 --- [http-nio-8887-exec-8] l.m.c.c.m.UserMapper.selectByPrimaryKey  : <==      Total: 1
2020-04-12 21:08:55.814 DEBUG 7944 --- [http-nio-8887-exec-8] l.m.c.c.m.UserMapper.selectByPrimaryKey  : ==>  Preparing: select id, name, account_id, token, gmt_create, gmt_modified, bio, avatar_url from user where id = ? 
2020-04-12 21:08:55.814 DEBUG 7944 --- [http-nio-8887-exec-8] l.m.c.c.m.UserMapper.selectByPrimaryKey  : ==> Parameters: 1(Long)
2020-04-12 21:08:55.815 DEBUG 7944 --- [http-nio-8887-exec-8] l.m.c.c.m.UserMapper.selectByPrimaryKey  : <==      Total: 1
2020-04-12 21:08:55.816 DEBUG 7944 --- [http-nio-8887-exec-8] l.m.c.c.m.UserMapper.selectByPrimaryKey  : ==>  Preparing: select id, name, account_id, token, gmt_create, gmt_modified, bio, avatar_url from user where id = ? 
2020-04-12 21:08:55.816 DEBUG 7944 --- [http-nio-8887-exec-8] l.m.c.c.m.UserMapper.selectByPrimaryKey  : ==> Parameters: 1(Long)
2020-04-12 21:08:55.817 DEBUG 7944 --- [http-nio-8887-exec-8] l.m.c.c.m.UserMapper.selectByPrimaryKey  : <==      Total: 1
2020-04-12 21:08:55.818 DEBUG 7944 --- [http-nio-8887-exec-8] l.m.c.c.m.UserMapper.selectByPrimaryKey  : ==>  Preparing: select id, name, account_id, token, gmt_create, gmt_modified, bio, avatar_url from user where id = ? 
2020-04-12 21:08:55.818 DEBUG 7944 --- [http-nio-8887-exec-8] l.m.c.c.m.UserMapper.selectByPrimaryKey  : ==> Parameters: 1(Long)
2020-04-12 21:08:55.819 DEBUG 7944 --- [http-nio-8887-exec-8] l.m.c.c.m.UserMapper.selectByPrimaryKey  : <==      Total: 1
